This is pdfTeX, Version 3.1415926-2.4-1.40.13 (MiKTeX 2.9) (preloaded format=pdflatex 2013.10.5)  3 MAR 2015 16:14
entering extended mode
**C:/Users/Singer/Desktop/mgr/rblarba-Windows.tex
(C:/Users/Singer/Desktop/mgr/rblarba-Windows.tex
LaTeX2e <2011/06/27>
Babel <v3.8m> and hyphenation patterns for english, afrikaans, ancientgreek, ar
abic, armenian, assamese, basque, bengali, bokmal, bulgarian, catalan, coptic, 
croatian, czech, danish, dutch, esperanto, estonian, farsi, finnish, french, ga
lician, german, german-x-2012-05-30, greek, gujarati, hindi, hungarian, iceland
ic, indonesian, interlingua, irish, italian, kannada, kurmanji, latin, latvian,
 lithuanian, malayalam, marathi, mongolian, mongolianlmc, monogreek, ngerman, n
german-x-2012-05-30, nynorsk, oriya, panjabi, pinyin, polish, portuguese, roman
ian, russian, sanskrit, serbian, slovak, slovenian, spanish, swedish, swissgerm
an, tamil, telugu, turkish, turkmen, ukenglish, ukrainian, uppersorbian, usengl
ishmax, welsh, loaded.
(C:\Users\Singer\Desktop\mgr\pracamgr.cls
Document Class: pracamgr 2006/05/05 v0.5.0 Praca magisterska
("C:\Program Files (x86)\MiKTeX 2.9\tex\latex\base\report.cls"
Document Class: report 2007/10/19 v1.4h Standard LaTeX document class
("C:\Program Files (x86)\MiKTeX 2.9\tex\latex\base\size11.clo"
File: size11.clo 2007/10/19 v1.4h Standard LaTeX file (size option)
)
\c@part=\count79
\c@chapter=\count80
\c@section=\count81
\c@subsection=\count82
\c@subsubsection=\count83
\c@paragraph=\count84
\c@subparagraph=\count85
\c@figure=\count86
\c@table=\count87
\abovecaptionskip=\skip41
\belowcaptionskip=\skip42
\bibindent=\dimen102
))
(C:\Users\Singer\AppData\Roaming\MiKTeX\2.9\tex\latex\polski\polski.sty
Package: polski 2008/02/24 v1.3.3 Polish language package

Document language package `polski' v1.3.3 <2008/02/24>
\l@nohyphenation=\language69
   Switching to Polish text encoding and Polish maths fonts.
("C:\Program Files (x86)\MiKTeX 2.9\tex\latex\base\ot4enc.def"
File: ot4enc.def 2005/09/27 v1.99g Standard LaTeX file
)
LaTeX Font Info:    Try loading font information for OT4+cmr on input line 346.


(C:\Users\Singer\AppData\Roaming\MiKTeX\2.9\tex\latex\polski\ot4cmr.fd
File: ot4cmr.fd 2008/02/24 v1.2.1 Font defs for fonts PL (MW)
)
LaTeX Font Info:    Overwriting math alphabet `\mathbf' in version `normal'
(Font)                  OT1/cmr/bx/n --> OT4/cmr/bx/n on input line 346.
LaTeX Font Info:    Overwriting math alphabet `\mathsf' in version `normal'
(Font)                  OT1/cmss/m/n --> OT4/cmss/m/n on input line 346.
LaTeX Font Info:    Overwriting math alphabet `\mathit' in version `normal'
(Font)                  OT1/cmr/m/it --> OT4/cmr/m/it on input line 346.
LaTeX Font Info:    Overwriting math alphabet `\mathtt' in version `normal'
(Font)                  OT1/cmtt/m/n --> OT4/cmtt/m/n on input line 346.
LaTeX Font Info:    Overwriting math alphabet `\mathsf' in version `bold'
(Font)                  OT1/cmss/bx/n --> OT4/cmss/bx/n on input line 346.
LaTeX Font Info:    Overwriting math alphabet `\mathit' in version `bold'
(Font)                  OT1/cmr/bx/it --> OT4/cmr/bx/it on input line 346.
LaTeX Font Info:    Encoding `OT1' has changed to `OT4' for symbol font
(Font)              `operators' in the math version `normal' on input line 346.

LaTeX Font Info:    Overwriting symbol font `operators' in version `normal'
(Font)                  OT1/cmr/m/n --> OT4/cmr/m/n on input line 346.
LaTeX Font Info:    Overwriting symbol font `letters' in version `normal'
(Font)                  OML/cmm/m/it --> OML/plm/m/it on input line 346.
LaTeX Font Info:    Overwriting symbol font `symbols' in version `normal'
(Font)                  OMS/cmsy/m/n --> OMS/plsy/m/n on input line 346.
LaTeX Font Info:    Overwriting symbol font `largesymbols' in version `normal'
(Font)                  OMX/cmex/m/n --> OMX/plex/m/n on input line 346.
LaTeX Font Info:    Encoding `OT1' has changed to `OT4' for symbol font
(Font)              `operators' in the math version `bold' on input line 346.
LaTeX Font Info:    Overwriting symbol font `operators' in version `bold'
(Font)                  OT1/cmr/bx/n --> OT4/cmr/bx/n on input line 346.
LaTeX Font Info:    Overwriting symbol font `letters' in version `bold'
(Font)                  OML/cmm/b/it --> OML/plm/b/it on input line 346.
LaTeX Font Info:    Overwriting symbol font `symbols' in version `bold'
(Font)                  OMS/cmsy/b/n --> OMS/plsy/b/n on input line 346.
)
("C:\Program Files (x86)\MiKTeX 2.9\tex\latex\base\inputenc.sty"
Package: inputenc 2008/03/30 v1.1d Input encoding file
\inpenc@prehook=\toks14
\inpenc@posthook=\toks15

("C:\Program Files (x86)\MiKTeX 2.9\tex\latex\base\cp1250.def"
File: cp1250.def 2008/03/30 v1.1d Input encoding file
))
\c@defi=\count88

(C:\Users\Singer\Desktop\mgr\rblarba-Windows.aux)
LaTeX Font Info:    Checking defaults for OML/cmm/m/it on input line 90.
LaTeX Font Info:    ... okay on input line 90.
LaTeX Font Info:    Checking defaults for T1/cmr/m/n on input line 90.
LaTeX Font Info:    ... okay on input line 90.
LaTeX Font Info:    Checking defaults for OT1/cmr/m/n on input line 90.
LaTeX Font Info:    ... okay on input line 90.
LaTeX Font Info:    Checking defaults for OMS/cmsy/m/n on input line 90.
LaTeX Font Info:    ... okay on input line 90.
LaTeX Font Info:    Checking defaults for OMX/cmex/m/n on input line 90.
LaTeX Font Info:    ... okay on input line 90.
LaTeX Font Info:    Checking defaults for U/cmr/m/n on input line 90.
LaTeX Font Info:    ... okay on input line 90.
LaTeX Font Info:    Checking defaults for OT4/cmr/m/n on input line 90.
LaTeX Font Info:    ... okay on input line 90.
LaTeX Font Info:    Try loading font information for OML+plm on input line 91.

(C:\Users\Singer\AppData\Roaming\MiKTeX\2.9\tex\latex\polski\omlplm.fd
File: omlplm.fd 2008/02/24 v1.2.1 Font defs for fonts PL (MW)
)
LaTeX Font Info:    Try loading font information for OMS+plsy on input line 91.


(C:\Users\Singer\AppData\Roaming\MiKTeX\2.9\tex\latex\polski\omsplsy.fd
File: omsplsy.fd 2008/02/24 v1.2.1 Font defs for fonts PL (MW)
)
LaTeX Font Info:    Try loading font information for OMX+plex on input line 91.


(C:\Users\Singer\AppData\Roaming\MiKTeX\2.9\tex\latex\polski\omxplex.fd
File: omxplex.fd 2008/02/24 v1.2.1 Font defs for fonts PL (MW)
)
LaTeX Font Info:    External font `plex10' loaded for size
(Font)              <24.88> on input line 91.
LaTeX Font Info:    External font `plex10' loaded for size
(Font)              <20.74> on input line 91.
LaTeX Font Info:    External font `plex10' loaded for size
(Font)              <17.28> on input line 91.
LaTeX Font Info:    External font `plex10' loaded for size
(Font)              <12> on input line 91.
LaTeX Font Info:    External font `plex10' loaded for size
(Font)              <8> on input line 91.
LaTeX Font Info:    External font `plex10' loaded for size
(Font)              <6> on input line 91.

[1

{C:/Users/Singer/AppData/Local/MiKTeX/2.9/pdftex/config/pdftex.map}] [2]
LaTeX Font Info:    External font `plex10' loaded for size
(Font)              <10.95> on input line 96.

Underfull \hbox (badness 10000) in paragraph at lines 101--101

 []

[1] [2

] (C:\Users\Singer\Desktop\mgr\rblarba-Windows.toc)
\tf@toc=\write3
 [3

] [4

] [5] [6

]
Rozdzia\PlPrIeC {\l } 1.
[7]
LaTeX Font Info:    Try loading font information for OMS+cmr on input line 186.

 ("C:\Program Files (x86)\MiKTeX 2.9\tex\latex\base\omscmr.fd"
File: omscmr.fd 1999/05/25 v2.5h Standard LaTeX font definitions
)
LaTeX Font Info:    Font shape `OMS/cmr/m/n' in size <10.95> not available
(Font)              Font shape `OMS/cmsy/m/n' tried instead on input line 186.
LaTeX Font Info:    External font `plex10' loaded for size
(Font)              <9> on input line 192.
LaTeX Font Info:    External font `plex10' loaded for size
(Font)              <5> on input line 192.
 [8]
Rozdzia\PlPrIeC {\l } 2.
LaTeX Font Info:    External font `plex10' loaded for size
(Font)              <14.4> on input line 244.
LaTeX Font Info:    External font `plex10' loaded for size
(Font)              <10> on input line 244.
LaTeX Font Info:    External font `plex10' loaded for size
(Font)              <7> on input line 244.
[9

] [10]
Rozdzia\PlPrIeC {\l } 3.
[11

] [12

]
Rozdzia\PlPrIeC {\l } 4.
LaTeX Font Info:    Try loading font information for OT4+cmtt on input line 286
.
(C:\Users\Singer\AppData\Roaming\MiKTeX\2.9\tex\latex\polski\ot4cmtt.fd
File: ot4cmtt.fd 2008/02/24 v1.2.1 Font defs for fonts PL (MW)
)
[13] [14

]
Rozdzia\PlPrIeC {\l } 5.
[15] [16

]
Dodatek A.
[17] [18

]
Dodatek B.
[19] [20

]
Dodatek C.
[21] [22

] [23] (C:\Users\Singer\Desktop\mgr\rblarba-Windows.aux) ) 
Here is how much of TeX's memory you used:
 642 strings out of 493921
 8682 string characters out of 3144873
 58179 words of memory out of 3000000
 3956 multiletter control sequences out of 15000+200000
 22682 words of font info for 62 fonts, out of 3000000 for 9000
 841 hyphenation exceptions out of 8191
 27i,8n,24p,288b,287s stack positions out of 5000i,500n,10000p,200000b,50000s
{C:/Users/Singer/AppD
ata/Roaming/MiKTeX/2.9/fonts/enc/dvips/pl/pltt.enc}{C:/Users/Singer/AppData/Roa
ming/MiKTeX/2.9/fonts/enc/dvips/pl/plmi.enc}{C:/Users/Singer/AppData/Roaming/Mi
KTeX/2.9/fonts/enc/dvips/pl/plrm.enc}{C:/Users/Singer/AppData/Roaming/MiKTeX/2.
9/fonts/enc/dvips/pl/plms.enc}{C:/Users/Singer/AppData/Roaming/MiKTeX/2.9/fonts
/enc/dvips/pl/plme.enc}{C:/Users/Singer/AppData/Roaming/MiKTeX/2.9/fonts/enc/dv
ips/pl/plit.enc}<C:/Program Files (x86)/MiKTeX 2.9/fonts/type1/public/amsfonts/
cm/cmsy10.pfb><C:/Users/Singer/AppData/Roaming/MiKTeX/2.9/fonts/type1/public/pl
/plbx10.pfb><C:/Users/Singer/AppData/Roaming/MiKTeX/2.9/fonts/type1/public/pl/p
lbx12.pfb><C:/Users/Singer/AppData/Roaming/MiKTeX/2.9/fonts/type1/public/pl/ple
x10.pfb><C:/Users/Singer/AppData/Roaming/MiKTeX/2.9/fonts/type1/public/pl/plmi1
0.pfb><C:/Users/Singer/AppData/Roaming/MiKTeX/2.9/fonts/type1/public/pl/plmi12.
pfb><C:/Users/Singer/AppData/Roaming/MiKTeX/2.9/fonts/type1/public/pl/plmi8.pfb
><C:/Users/Singer/AppData/Roaming/MiKTeX/2.9/fonts/type1/public/pl/plr10.pfb><C
:/Users/Singer/AppData/Roaming/MiKTeX/2.9/fonts/type1/public/pl/plr12.pfb><C:/U
sers/Singer/AppData/Roaming/MiKTeX/2.9/fonts/type1/public/pl/plr17.pfb><C:/User
s/Singer/AppData/Roaming/MiKTeX/2.9/fonts/type1/public/pl/plr6.pfb><C:/Users/Si
nger/AppData/Roaming/MiKTeX/2.9/fonts/type1/public/pl/plr8.pfb><C:/Users/Singer
/AppData/Roaming/MiKTeX/2.9/fonts/type1/public/pl/plr9.pfb><C:/Users/Singer/App
Data/Roaming/MiKTeX/2.9/fonts/type1/public/pl/plsl10.pfb><C:/Users/Singer/AppDa
ta/Roaming/MiKTeX/2.9/fonts/type1/public/pl/plsy10.pfb><C:/Users/Singer/AppData
/Roaming/MiKTeX/2.9/fonts/type1/public/pl/plsy8.pfb><C:/Users/Singer/AppData/Ro
aming/MiKTeX/2.9/fonts/type1/public/pl/plti10.pfb><C:/Users/Singer/AppData/Roam
ing/MiKTeX/2.9/fonts/type1/public/pl/pltt10.pfb>
Output written on rblarba-Windows.pdf (25 pages, 173966 bytes).
PDF statistics:
 161 PDF objects out of 1000 (max. 8388607)
 0 named destinations out of 1000 (max. 500000)
 1 words of extra memory for PDF output out of 10000 (max. 10000000)

